This is pdfTeX, Version 3.14159265-2.6-1.40.19 (MiKTeX 2.9.6930 64-bit) (preloaded format=pdflatex 2019.1.26)  21 FEB 2019 04:08
entering extended mode
**./dark.tex
(dark.tex
LaTeX2e <2018-12-01>

! LaTeX Error: Missing \begin{document}.

See the LaTeX manual or LaTeX Companion for explanation.
Type  H <return>  for immediate help.
 ...                                              
                                                  
l.1 \begin{tabular}
                   {|c|c|c|c|c|c|c|c|c|c|}
You're in trouble here.  Try typing  <return>  to proceed.
If that doesn't work, type  X <return>  to quit.

LaTeX Font Info:    External font `cmex10' loaded for size
(Font)              <7> on input line 1.
LaTeX Font Info:    External font `cmex10' loaded for size
(Font)              <5> on input line 1.
Missing character: There is no , in font nullfont!

! Package inputenc Error: Unicode character –ú (U+041C)
(inputenc)                not set up for use with LaTeX.

See the inputenc package documentation for explanation.
Type  H <return>  for immediate help.
 ...                                              
                                                  
l.3 $\nu$, –ú
             –≥—Ü& –ö–æ–ª–∏—á–µ—Å—Ç–≤–æ –¥–µ–ª–µ–Ω–∏–π —à–∫–∞–ª—ã –æ–∫—É–ª—è...

You may provide a definition with
\DeclareUnicodeCharacter 


! Package inputenc Error: Unicode character –≥ (U+0433)
(inputenc)                not set up for use with LaTeX.

See the inputenc package documentation for explanation.
Type  H <return>  for immediate help.
 ...                                              
                                                  
l.3 $\nu$, –ú–≥
               —Ü& –ö–æ–ª–∏—á–µ—Å—Ç–≤–æ –¥–µ–ª–µ–Ω–∏–π —à–∫–∞–ª—ã –æ–∫—É–ª—è...

You may provide a definition with
\DeclareUnicodeCharacter 


! Package inputenc Error: Unicode character —Ü (U+0446)
(inputenc)                not set up for use with LaTeX.

See the inputenc package documentation for explanation.
Type  H <return>  for immediate help.
 ...                                              
                                                  
l.3 $\nu$, –ú–≥—Ü
                 & –ö–æ–ª–∏—á–µ—Å—Ç–≤–æ –¥–µ–ª–µ–Ω–∏–π —à–∫–∞–ª—ã –æ–∫—É–ª—è...

You may provide a definition with
\DeclareUnicodeCharacter 


! Package inputenc Error: Unicode character –ö (U+041A)
(inputenc)                not set up for use with LaTeX.

See the inputenc package documentation for explanation.
Type  H <return>  for immediate help.
 ...                                              
                                                  
l.3 $\nu$, –ú–≥—Ü& –ö
                     –æ–ª–∏—á–µ—Å—Ç–≤–æ –¥–µ–ª–µ–Ω–∏–π —à–∫–∞–ª—ã –æ–∫—É–ª—è...

You may provide a definition with
\DeclareUnicodeCharacter 


! Package inputenc Error: Unicode character –æ (U+043E)
(inputenc)                not set up for use with LaTeX.

See the inputenc package documentation for explanation.
Type  H <return>  for immediate help.
 ...                                              
                                                  
l.3 $\nu$, –ú–≥—Ü& –ö–æ
                       –ª–∏—á–µ—Å—Ç–≤–æ –¥–µ–ª–µ–Ω–∏–π —à–∫–∞–ª—ã –æ–∫—É–ª—è...

You may provide a definition with
\DeclareUnicodeCharacter 


! Package inputenc Error: Unicode character –ª (U+043B)
(inputenc)                not set up for use with LaTeX.

See the inputenc package documentation for explanation.
Type  H <return>  for immediate help.
 ...                                              
                                                  
l.3 $\nu$, –ú–≥—Ü& –ö–æ–ª
                         –∏—á–µ—Å—Ç–≤–æ –¥–µ–ª–µ–Ω–∏–π —à–∫–∞–ª—ã –æ–∫—É–ª—è...

You may provide a definition with
\DeclareUnicodeCharacter 


! Package inputenc Error: Unicode character –∏ (U+0438)
(inputenc)                not set up for use with LaTeX.

See the inputenc package documentation for explanation.
Type  H <return>  for immediate help.
 ...                                              
                                                  
l.3 $\nu$, –ú–≥—Ü& –ö–æ–ª–∏
                           —á–µ—Å—Ç–≤–æ –¥–µ–ª–µ–Ω–∏–π —à–∫–∞–ª—ã –æ–∫—É–ª—è...

You may provide a definition with
\DeclareUnicodeCharacter 


! Package inputenc Error: Unicode character —á (U+0447)
(inputenc)                not set up for use with LaTeX.

See the inputenc package documentation for explanation.
Type  H <return>  for immediate help.
 ...                                              
                                                  
l.3 $\nu$, –ú–≥—Ü& –ö–æ–ª–∏—á
                             –µ—Å—Ç–≤–æ –¥–µ–ª–µ–Ω–∏–π —à–∫–∞–ª—ã –æ–∫—É–ª—è...

You may provide a definition with
\DeclareUnicodeCharacter 


! Package inputenc Error: Unicode character –µ (U+0435)
(inputenc)                not set up for use with LaTeX.

See the inputenc package documentation for explanation.
Type  H <return>  for immediate help.
 ...                                              
                                                  
l.3 $\nu$, –ú–≥—Ü& –ö–æ–ª–∏—á–µ
                               —Å—Ç–≤–æ –¥–µ–ª–µ–Ω–∏–π —à–∫–∞–ª—ã –æ–∫—É–ª—è...

You may provide a definition with
\DeclareUnicodeCharacter 


! Package inputenc Error: Unicode character —Å (U+0441)
(inputenc)                not set up for use with LaTeX.

See the inputenc package documentation for explanation.
Type  H <return>  for immediate help.
 ...                                              
                                                  
l.3 $\nu$, –ú–≥—Ü& –ö–æ–ª–∏—á–µ—Å
                                 —Ç–≤–æ –¥–µ–ª–µ–Ω–∏–π —à–∫–∞–ª—ã –æ–∫—É–ª—è...

You may provide a definition with
\DeclareUnicodeCharacter 


! Package inputenc Error: Unicode character —Ç (U+0442)
(inputenc)                not set up for use with LaTeX.

See the inputenc package documentation for explanation.
Type  H <return>  for immediate help.
 ...                                              
                                                  
l.3 $\nu$, –ú–≥—Ü& –ö–æ–ª–∏—á–µ—Å—Ç
                                   –≤–æ –¥–µ–ª–µ–Ω–∏–π —à–∫–∞–ª—ã –æ–∫—É–ª—è...

You may provide a definition with
\DeclareUnicodeCharacter 


! Package inputenc Error: Unicode character –≤ (U+0432)
(inputenc)                not set up for use with LaTeX.

See the inputenc package documentation for explanation.
Type  H <return>  for immediate help.
 ...                                              
                                                  
l.3 $\nu$, –ú–≥—Ü& –ö–æ–ª–∏—á–µ—Å—Ç–≤
                                     –æ –¥–µ–ª–µ–Ω–∏–π —à–∫–∞–ª—ã –æ–∫—É–ª—è...

You may provide a definition with
\DeclareUnicodeCharacter 


! Package inputenc Error: Unicode character –æ (U+043E)
(inputenc)                not set up for use with LaTeX.

See the inputenc package documentation for explanation.
Type  H <return>  for immediate help.
 ...                                              
                                                  
l.3 $\nu$, –ú–≥—Ü& –ö–æ–ª–∏—á–µ—Å—Ç–≤–æ
                                        –¥–µ–ª–µ–Ω–∏–π —à–∫–∞–ª—ã –æ–∫—É–ª—è...

You may provide a definition with
\DeclareUnicodeCharacter 


! Package inputenc Error: Unicode character –¥ (U+0434)
(inputenc)                not set up for use with LaTeX.

See the inputenc package documentation for explanation.
Type  H <return>  for immediate help.
 ...                                              
                                                  
l.3 $\nu$, –ú–≥—Ü& –ö–æ–ª–∏—á–µ—Å—Ç–≤–æ –¥
                                          –µ–ª–µ–Ω–∏–π —à–∫–∞–ª—ã –æ–∫—É–ª—è...

You may provide a definition with
\DeclareUnicodeCharacter 


! Package inputenc Error: Unicode character –µ (U+0435)
(inputenc)                not set up for use with LaTeX.

See the inputenc package documentation for explanation.
Type  H <return>  for immediate help.
 ...                                              
                                                  
l.3 $\nu$, –ú–≥—Ü& –ö–æ–ª–∏—á–µ—Å—Ç–≤–æ –¥–µ
                                            –ª–µ–Ω–∏–π —à–∫–∞–ª—ã –æ–∫—É–ª—è...

You may provide a definition with
\DeclareUnicodeCharacter 


! Package inputenc Error: Unicode character –ª (U+043B)
(inputenc)                not set up for use with LaTeX.

See the inputenc package documentation for explanation.
Type  H <return>  for immediate help.
 ...                                              
                                                  
l.3 $\nu$, –ú–≥—Ü& –ö–æ–ª–∏—á–µ—Å—Ç–≤–æ –¥–µ–ª
                                              –µ–Ω–∏–π —à–∫–∞–ª—ã –æ–∫—É–ª—è...

You may provide a definition with
\DeclareUnicodeCharacter 


! Package inputenc Error: Unicode character –µ (U+0435)
(inputenc)                not set up for use with LaTeX.

See the inputenc package documentation for explanation.
Type  H <return>  for immediate help.
 ...                                              
                                                  
l.3 $\nu$, –ú–≥—Ü& –ö–æ–ª–∏—á–µ—Å—Ç–≤–æ –¥–µ–ª–µ
                                                –Ω–∏–π —à–∫–∞–ª—ã –æ–∫—É–ª—è...

You may provide a definition with
\DeclareUnicodeCharacter 


! Package inputenc Error: Unicode character –Ω (U+043D)
(inputenc)                not set up for use with LaTeX.

See the inputenc package documentation for explanation.
Type  H <return>  for immediate help.
 ...                                              
                                                  
l.3 $\nu$, –ú–≥—Ü& –ö–æ–ª–∏—á–µ—Å—Ç–≤–æ –¥–µ–ª–µ–Ω
                                                  –∏–π —à–∫–∞–ª—ã –æ–∫—É–ª—è...

You may provide a definition with
\DeclareUnicodeCharacter 


! Package inputenc Error: Unicode character –∏ (U+0438)
(inputenc)                not set up for use with LaTeX.

See the inputenc package documentation for explanation.
Type  H <return>  for immediate help.
 ...                                              
                                                  
l.3 ..., –ú–≥—Ü& –ö–æ–ª–∏—á–µ—Å—Ç–≤–æ –¥–µ–ª–µ–Ω–∏
                                                  –π —à–∫–∞–ª—ã –æ–∫—É–ª—è—Ä...

You may provide a definition with
\DeclareUnicodeCharacter 


! Package inputenc Error: Unicode character –π (U+0439)
(inputenc)                not set up for use with LaTeX.

See the inputenc package documentation for explanation.
Type  H <return>  for immediate help.
 ...                                              
                                                  
l.3 ...–ú–≥—Ü& –ö–æ–ª–∏—á–µ—Å—Ç–≤–æ –¥–µ–ª–µ–Ω–∏–π
                                                   —à–∫–∞–ª—ã –æ–∫—É–ª—è—Ä–∞...

You may provide a definition with
\DeclareUnicodeCharacter 


! Package inputenc Error: Unicode character —à (U+0448)
(inputenc)                not set up for use with LaTeX.

See the inputenc package documentation for explanation.
Type  H <return>  for immediate help.
 ...                                              
                                                  
l.3 ...≥—Ü& –ö–æ–ª–∏—á–µ—Å—Ç–≤–æ –¥–µ–ª–µ–Ω–∏–π —à
                                                  –∫–∞–ª—ã –æ–∫—É–ª—è—Ä–∞ $N...

You may provide a definition with
\DeclareUnicodeCharacter 


! Package inputenc Error: Unicode character –∫ (U+043A)
(inputenc)                not set up for use with LaTeX.

See the inputenc package documentation for explanation.
Type  H <return>  for immediate help.
 ...                                              
                                                  
l.3 ...Ü& –ö–æ–ª–∏—á–µ—Å—Ç–≤–æ –¥–µ–ª–µ–Ω–∏–π —à–∫
                                                  –∞–ª—ã –æ–∫—É–ª—è—Ä–∞ $N$&...

You may provide a definition with
\DeclareUnicodeCharacter 


! Package inputenc Error: Unicode character –∞ (U+0430)
(inputenc)                not set up for use with LaTeX.

See the inputenc package documentation for explanation.
Type  H <return>  for immediate help.
 ...                                              
                                                  
l.3 ... –ö–æ–ª–∏—á–µ—Å—Ç–≤–æ –¥–µ–ª–µ–Ω–∏–π —à–∫–∞
                                                  –ª—ã –æ–∫—É–ª—è—Ä–∞ $N$&–ö...

You may provide a definition with
\DeclareUnicodeCharacter 


! Package inputenc Error: Unicode character –ª (U+043B)
(inputenc)                not set up for use with LaTeX.

See the inputenc package documentation for explanation.
Type  H <return>  for immediate help.
 ...                                              
                                                  
l.3 ...ö–æ–ª–∏—á–µ—Å—Ç–≤–æ –¥–µ–ª–µ–Ω–∏–π —à–∫–∞–ª
                                                  —ã –æ–∫—É–ª—è—Ä–∞ $N$&–ö–æ...

You may provide a definition with
\DeclareUnicodeCharacter 


! Package inputenc Error: Unicode character —ã (U+044B)
(inputenc)                not set up for use with LaTeX.

See the inputenc package documentation for explanation.
Type  H <return>  for immediate help.
 ...                                              
                                                  
l.3 ...æ–ª–∏—á–µ—Å—Ç–≤–æ –¥–µ–ª–µ–Ω–∏–π —à–∫–∞–ª—ã
                                                   –æ–∫—É–ª—è—Ä–∞ $N$&–ö–æ–ª...

You may provide a definition with
\DeclareUnicodeCharacter 


! Package inputenc Error: Unicode character –æ (U+043E)
(inputenc)                not set up for use with LaTeX.

See the inputenc package documentation for explanation.
Type  H <return>  for immediate help.
 ...                                              
                                                  
l.3 ...–∏—á–µ—Å—Ç–≤–æ –¥–µ–ª–µ–Ω–∏–π —à–∫–∞–ª—ã –æ
                                                  –∫—É–ª—è—Ä–∞ $N$&–ö–æ–ª–∏—...

You may provide a definition with
\DeclareUnicodeCharacter 


! Package inputenc Error: Unicode character –∫ (U+043A)
(inputenc)                not set up for use with LaTeX.

See the inputenc package documentation for explanation.
Type  H <return>  for immediate help.
 ...                                              
                                                  
l.3 ...—á–µ—Å—Ç–≤–æ –¥–µ–ª–µ–Ω–∏–π —à–∫–∞–ª—ã –æ–∫
                                                  —É–ª—è—Ä–∞ $N$&–ö–æ–ª–∏—á–...

You may provide a definition with
\DeclareUnicodeCharacter 


! Package inputenc Error: Unicode character —É (U+0443)
(inputenc)                not set up for use with LaTeX.

See the inputenc package documentation for explanation.
Type  H <return>  for immediate help.
 ...                                              
                                                  
l.3 ...–µ—Å—Ç–≤–æ –¥–µ–ª–µ–Ω–∏–π —à–∫–∞–ª—ã –æ–∫—É
                                                  –ª—è—Ä–∞ $N$&–ö–æ–ª–∏—á–µ—...

You may provide a definition with
\DeclareUnicodeCharacter 


! Package inputenc Error: Unicode character –ª (U+043B)
(inputenc)                not set up for use with LaTeX.

See the inputenc package documentation for explanation.
Type  H <return>  for immediate help.
 ...                                              
                                                  
l.3 ...—Å—Ç–≤–æ –¥–µ–ª–µ–Ω–∏–π —à–∫–∞–ª—ã –æ–∫—É–ª
                                                  —è—Ä–∞ $N$&–ö–æ–ª–∏—á–µ—Å—...

You may provide a definition with
\DeclareUnicodeCharacter 


! Package inputenc Error: Unicode character —è (U+044F)
(inputenc)                not set up for use with LaTeX.

See the inputenc package documentation for explanation.
Type  H <return>  for immediate help.
 ...                                              
                                                  
l.3 ...—Ç–≤–æ –¥–µ–ª–µ–Ω–∏–π —à–∫–∞–ª—ã –æ–∫—É–ª—è
                                                  —Ä–∞ $N$&–ö–æ–ª–∏—á–µ—Å—Ç–...

You may provide a definition with
\DeclareUnicodeCharacter 


! Package inputenc Error: Unicode character —Ä (U+0440)
(inputenc)                not set up for use with LaTeX.

See the inputenc package documentation for explanation.
Type  H <return>  for immediate help.
 ...                                              
                                                  
l.3 ...–≤–æ –¥–µ–ª–µ–Ω–∏–π —à–∫–∞–ª—ã –æ–∫—É–ª—è—Ä
                                                  –∞ $N$&–ö–æ–ª–∏—á–µ—Å—Ç–≤–...

You may provide a definition with
\DeclareUnicodeCharacter 


! Package inputenc Error: Unicode character –∞ (U+0430)
(inputenc)                not set up for use with LaTeX.

See the inputenc package documentation for explanation.
Type  H <return>  for immediate help.
 ...                                              
                                                  
l.3 ...–æ –¥–µ–ª–µ–Ω–∏–π —à–∫–∞–ª—ã –æ–∫—É–ª—è—Ä–∞
                                                   $N$&–ö–æ–ª–∏—á–µ—Å—Ç–≤–æ ...

You may provide a definition with
\DeclareUnicodeCharacter 


! Package inputenc Error: Unicode character –ö (U+041A)
(inputenc)                not set up for use with LaTeX.

See the inputenc package documentation for explanation.
Type  H <return>  for immediate help.
 ...                                              
                                                  
l.3 ...–ª–µ–Ω–∏–π —à–∫–∞–ª—ã –æ–∫—É–ª—è—Ä–∞ $N$&–ö
                                                  –æ–ª–∏—á–µ—Å—Ç–≤–æ —Ç–µ–º–...

You may provide a definition with
\DeclareUnicodeCharacter 


! Package inputenc Error: Unicode character –æ (U+043E)
(inputenc)                not set up for use with LaTeX.

See the inputenc package documentation for explanation.
Type  H <return>  for immediate help.
 ...                                              
                                                  
l.3 ...–µ–Ω–∏–π —à–∫–∞–ª—ã –æ–∫—É–ª—è—Ä–∞ $N$&–ö–æ
                                                  –ª–∏—á–µ—Å—Ç–≤–æ —Ç–µ–º–Ω—...

You may provide a definition with
\DeclareUnicodeCharacter 


! Package inputenc Error: Unicode character –ª (U+043B)
(inputenc)                not set up for use with LaTeX.

See the inputenc package documentation for explanation.
Type  H <return>  for immediate help.
 ...                                              
                                                  
l.3 ...–Ω–∏–π —à–∫–∞–ª—ã –æ–∫—É–ª—è—Ä–∞ $N$&–ö–æ–ª
                                                  –∏—á–µ—Å—Ç–≤–æ —Ç–µ–º–Ω—ã—...

You may provide a definition with
\DeclareUnicodeCharacter 


! Package inputenc Error: Unicode character –∏ (U+0438)
(inputenc)                not set up for use with LaTeX.

See the inputenc package documentation for explanation.
Type  H <return>  for immediate help.
 ...                                              
                                                  
l.3 ...–∏–π —à–∫–∞–ª—ã –æ–∫—É–ª—è—Ä–∞ $N$&–ö–æ–ª–∏
                                                  —á–µ—Å—Ç–≤–æ —Ç–µ–º–Ω—ã—Ö ...

You may provide a definition with
\DeclareUnicodeCharacter 


! Package inputenc Error: Unicode character —á (U+0447)
(inputenc)                not set up for use with LaTeX.

See the inputenc package documentation for explanation.
Type  H <return>  for immediate help.
 ...                                              
                                                  
l.3 ...–π —à–∫–∞–ª—ã –æ–∫—É–ª—è—Ä–∞ $N$&–ö–æ–ª–∏—á
                                                  –µ—Å—Ç–≤–æ —Ç–µ–º–Ω—ã—Ö –ø...

You may provide a definition with
\DeclareUnicodeCharacter 


! Package inputenc Error: Unicode character –µ (U+0435)
(inputenc)                not set up for use with LaTeX.

See the inputenc package documentation for explanation.
Type  H <return>  for immediate help.
 ...                                              
                                                  
l.3 ... —à–∫–∞–ª—ã –æ–∫—É–ª—è—Ä–∞ $N$&–ö–æ–ª–∏—á–µ
                                                  —Å—Ç–≤–æ —Ç–µ–º–Ω—ã—Ö –ø–æ...

You may provide a definition with
\DeclareUnicodeCharacter 


! Package inputenc Error: Unicode character —Å (U+0441)
(inputenc)                not set up for use with LaTeX.

See the inputenc package documentation for explanation.
Type  H <return>  for immediate help.
 ...                                              
                                                  
l.3 ...à–∫–∞–ª—ã –æ–∫—É–ª—è—Ä–∞ $N$&–ö–æ–ª–∏—á–µ—Å
                                                  —Ç–≤–æ —Ç–µ–º–Ω—ã—Ö –ø–æ–ª...

You may provide a definition with
\DeclareUnicodeCharacter 


! Package inputenc Error: Unicode character —Ç (U+0442)
(inputenc)                not set up for use with LaTeX.

See the inputenc package documentation for explanation.
Type  H <return>  for immediate help.
 ...                                              
                                                  
l.3 ...∫–∞–ª—ã –æ–∫—É–ª—è—Ä–∞ $N$&–ö–æ–ª–∏—á–µ—Å—Ç
                                                  –≤–æ —Ç–µ–º–Ω—ã—Ö –ø–æ–ª–æ...

You may provide a definition with
\DeclareUnicodeCharacter 


! Package inputenc Error: Unicode character –≤ (U+0432)
(inputenc)                not set up for use with LaTeX.

See the inputenc package documentation for explanation.
Type  H <return>  for immediate help.
 ...                                              
                                                  
l.3 ...∞–ª—ã –æ–∫—É–ª—è—Ä–∞ $N$&–ö–æ–ª–∏—á–µ—Å—Ç–≤
                                                  –æ —Ç–µ–º–Ω—ã—Ö –ø–æ–ª–æ—Å...

You may provide a definition with
\DeclareUnicodeCharacter 


! Package inputenc Error: Unicode character –æ (U+043E)
(inputenc)                not set up for use with LaTeX.

See the inputenc package documentation for explanation.
Type  H <return>  for immediate help.
 ...                                              
                                                  
l.3 ...ª—ã –æ–∫—É–ª—è—Ä–∞ $N$&–ö–æ–ª–∏—á–µ—Å—Ç–≤–æ
                                                   —Ç–µ–º–Ω—ã—Ö –ø–æ–ª–æ—Å  ...

You may provide a definition with
\DeclareUnicodeCharacter 


! Package inputenc Error: Unicode character —Ç (U+0442)
(inputenc)                not set up for use with LaTeX.

See the inputenc package documentation for explanation.
Type  H <return>  for immediate help.
 ...                                              
                                                  
l.3 ... –æ–∫—É–ª—è—Ä–∞ $N$&–ö–æ–ª–∏—á–µ—Å—Ç–≤–æ —Ç
                                                  –µ–º–Ω—ã—Ö –ø–æ–ª–æ—Å  –∞–...

You may provide a definition with
\DeclareUnicodeCharacter 


! Package inputenc Error: Unicode character –µ (U+0435)
(inputenc)                not set up for use with LaTeX.

See the inputenc package documentation for explanation.
Type  H <return>  for immediate help.
 ...                                              
                                                  
l.3 ...æ–∫—É–ª—è—Ä–∞ $N$&–ö–æ–ª–∏—á–µ—Å—Ç–≤–æ —Ç–µ
                                                  –º–Ω—ã—Ö –ø–æ–ª–æ—Å  –∞–∫—...

You may provide a definition with
\DeclareUnicodeCharacter 


! Package inputenc Error: Unicode character –º (U+043C)
(inputenc)                not set up for use with LaTeX.

See the inputenc package documentation for explanation.
Type  H <return>  for immediate help.
 ...                                              
                                                  
l.3 ...∫—É–ª—è—Ä–∞ $N$&–ö–æ–ª–∏—á–µ—Å—Ç–≤–æ —Ç–µ–º
                                                  –Ω—ã—Ö –ø–æ–ª–æ—Å  –∞–∫—É—...

You may provide a definition with
\DeclareUnicodeCharacter 


! Package inputenc Error: Unicode character –Ω (U+043D)
(inputenc)                not set up for use with LaTeX.

See the inputenc package documentation for explanation.
Type  H <return>  for immediate help.
 ...                                              
                                                  
l.3 ...É–ª—è—Ä–∞ $N$&–ö–æ–ª–∏—á–µ—Å—Ç–≤–æ —Ç–µ–º–Ω
                                                  —ã—Ö –ø–æ–ª–æ—Å  –∞–∫—É—Å—...

You may provide a definition with
\DeclareUnicodeCharacter 


! Package inputenc Error: Unicode character —ã (U+044B)
(inputenc)                not set up for use with LaTeX.

See the inputenc package documentation for explanation.
Type  H <return>  for immediate help.
 ...                                              
                                                  
l.3 ...ª—è—Ä–∞ $N$&–ö–æ–ª–∏—á–µ—Å—Ç–≤–æ —Ç–µ–º–Ω—ã
                                                  —Ö –ø–æ–ª–æ—Å  –∞–∫—É—Å—Ç–...

You may provide a definition with
\DeclareUnicodeCharacter 


! Package inputenc Error: Unicode character —Ö (U+0445)
(inputenc)                not set up for use with LaTeX.

See the inputenc package documentation for explanation.
Type  H <return>  for immediate help.
 ...                                              
                                                  
l.3 ...è—Ä–∞ $N$&–ö–æ–ª–∏—á–µ—Å—Ç–≤–æ —Ç–µ–º–Ω—ã—Ö
                                                   –ø–æ–ª–æ—Å  –∞–∫—É—Å—Ç–∏—...

You may provide a definition with
\DeclareUnicodeCharacter 


! Package inputenc Error: Unicode character –ø (U+043F)
(inputenc)                not set up for use with LaTeX.

See the inputenc package documentation for explanation.
Type  H <return>  for immediate help.
 ...                                              
                                                  
l.3 ...–∞ $N$&–ö–æ–ª–∏—á–µ—Å—Ç–≤–æ —Ç–µ–º–Ω—ã—Ö –ø
                                                  –æ–ª–æ—Å  –∞–∫—É—Å—Ç–∏—á–µ...

You may provide a definition with
\DeclareUnicodeCharacter 


! Package inputenc Error: Unicode character –æ (U+043E)
(inputenc)                not set up for use with LaTeX.

See the inputenc package documentation for explanation.
Type  H <return>  for immediate help.
 ...                                              
                                                  
l.3 ... $N$&–ö–æ–ª–∏—á–µ—Å—Ç–≤–æ —Ç–µ–º–Ω—ã—Ö –ø–æ
                                                  –ª–æ—Å  –∞–∫—É—Å—Ç–∏—á–µ—Å...

You may provide a definition with
\DeclareUnicodeCharacter 


! Package inputenc Error: Unicode character –ª (U+043B)
(inputenc)                not set up for use with LaTeX.

See the inputenc package documentation for explanation.
Type  H <return>  for immediate help.
 ...                                              
                                                  
l.3 ...N$&–ö–æ–ª–∏—á–µ—Å—Ç–≤–æ —Ç–µ–º–Ω—ã—Ö –ø–æ–ª
                                                  –æ—Å  –∞–∫—É—Å—Ç–∏—á–µ—Å–∫...

You may provide a definition with
\DeclareUnicodeCharacter 


! Package inputenc Error: Unicode character –æ (U+043E)
(inputenc)                not set up for use with LaTeX.

See the inputenc package documentation for explanation.
Type  H <return>  for immediate help.
 ...                                              
                                                  
l.3 ...&–ö–æ–ª–∏—á–µ—Å—Ç–≤–æ —Ç–µ–º–Ω—ã—Ö –ø–æ–ª–æ
                                                  —Å  –∞–∫—É—Å—Ç–∏—á–µ—Å–∫–æ...

You may provide a definition with
\DeclareUnicodeCharacter 


! Package inputenc Error: Unicode character —Å (U+0441)
(inputenc)                not set up for use with LaTeX.

See the inputenc package documentation for explanation.
Type  H <return>  for immediate help.
 ...                                              
                                                  
l.3 ...ö–æ–ª–∏—á–µ—Å—Ç–≤–æ —Ç–µ–º–Ω—ã—Ö –ø–æ–ª–æ—Å
                                                    –∞–∫—É—Å—Ç–∏—á–µ—Å–∫–æ–π...

You may provide a definition with
\DeclareUnicodeCharacter 


! Package inputenc Error: Unicode character –∞ (U+0430)
(inputenc)                not set up for use with LaTeX.

See the inputenc package documentation for explanation.
Type  H <return>  for immediate help.
 ...                                              
                                                  
l.3 ...ª–∏—á–µ—Å—Ç–≤–æ —Ç–µ–º–Ω—ã—Ö –ø–æ–ª–æ—Å  –∞
                                                  –∫—É—Å—Ç–∏—á–µ—Å–∫–æ–π —Ä–...

You may provide a definition with
\DeclareUnicodeCharacter 


! Package inputenc Error: Unicode character –∫ (U+043A)
(inputenc)                not set up for use with LaTeX.

See the inputenc package documentation for explanation.
Type  H <return>  for immediate help.
 ...                                              
                                                  
l.3 ...∏—á–µ—Å—Ç–≤–æ —Ç–µ–º–Ω—ã—Ö –ø–æ–ª–æ—Å  –∞–∫
                                                  —É—Å—Ç–∏—á–µ—Å–∫–æ–π —Ä–µ—...

You may provide a definition with
\DeclareUnicodeCharacter 


! Package inputenc Error: Unicode character —É (U+0443)
(inputenc)                not set up for use with LaTeX.

See the inputenc package documentation for explanation.
Type  H <return>  for immediate help.
 ...                                              
                                                  
l.3 ...á–µ—Å—Ç–≤–æ —Ç–µ–º–Ω—ã—Ö –ø–æ–ª–æ—Å  –∞–∫—É
                                                  —Å—Ç–∏—á–µ—Å–∫–æ–π —Ä–µ—à–...

You may provide a definition with
\DeclareUnicodeCharacter 


! Package inputenc Error: Unicode character —Å (U+0441)
(inputenc)                not set up for use with LaTeX.

See the inputenc package documentation for explanation.
Type  H <return>  for immediate help.
 ...                                              
                                                  
l.3 ...µ—Å—Ç–≤–æ —Ç–µ–º–Ω—ã—Ö –ø–æ–ª–æ—Å  –∞–∫—É—Å
                                                  —Ç–∏—á–µ—Å–∫–æ–π —Ä–µ—à–µ—...

You may provide a definition with
\DeclareUnicodeCharacter 


! Package inputenc Error: Unicode character —Ç (U+0442)
(inputenc)                not set up for use with LaTeX.

See the inputenc package documentation for explanation.
Type  H <return>  for immediate help.
 ...                                              
                                                  
l.3 ...Å—Ç–≤–æ —Ç–µ–º–Ω—ã—Ö –ø–æ–ª–æ—Å  –∞–∫—É—Å—Ç
                                                  –∏—á–µ—Å–∫–æ–π —Ä–µ—à–µ—Ç–...

You may provide a definition with
\DeclareUnicodeCharacter 


! Package inputenc Error: Unicode character –∏ (U+0438)
(inputenc)                not set up for use with LaTeX.

See the inputenc package documentation for explanation.
Type  H <return>  for immediate help.
 ...                                              
                                                  
l.3 ...Ç–≤–æ —Ç–µ–º–Ω—ã—Ö –ø–æ–ª–æ—Å  –∞–∫—É—Å—Ç–∏
                                                  —á–µ—Å–∫–æ–π —Ä–µ—à–µ—Ç–∫–...

You may provide a definition with
\DeclareUnicodeCharacter 


! Package inputenc Error: Unicode character —á (U+0447)
(inputenc)                not set up for use with LaTeX.

See the inputenc package documentation for explanation.
Type  H <return>  for immediate help.
 ...                                              
                                                  
l.3 ...≤–æ —Ç–µ–º–Ω—ã—Ö –ø–æ–ª–æ—Å  –∞–∫—É—Å—Ç–∏—á
                                                  –µ—Å–∫–æ–π —Ä–µ—à–µ—Ç–∫–∏ ...

You may provide a definition with
\DeclareUnicodeCharacter 


! Package inputenc Error: Unicode character –µ (U+0435)
(inputenc)                not set up for use with LaTeX.

See the inputenc package documentation for explanation.
Type  H <return>  for immediate help.
 ...                                              
                                                  
l.3 ...æ —Ç–µ–º–Ω—ã—Ö –ø–æ–ª–æ—Å  –∞–∫—É—Å—Ç–∏—á–µ
                                                  —Å–∫–æ–π —Ä–µ—à–µ—Ç–∫–∏ $n...

You may provide a definition with
\DeclareUnicodeCharacter 


! Package inputenc Error: Unicode character —Å (U+0441)
(inputenc)                not set up for use with LaTeX.

See the inputenc package documentation for explanation.
Type  H <return>  for immediate help.
 ...                                              
                                                  
l.3 ...—Ç–µ–º–Ω—ã—Ö –ø–æ–ª–æ—Å  –∞–∫—É—Å—Ç–∏—á–µ—Å
                                                  –∫–æ–π —Ä–µ—à–µ—Ç–∫–∏ $n$&...

You may provide a definition with
\DeclareUnicodeCharacter 


! Package inputenc Error: Unicode character –∫ (U+043A)
(inputenc)                not set up for use with LaTeX.

See the inputenc package documentation for explanation.
Type  H <return>  for immediate help.
 ...                                              
                                                  
l.3 ...–µ–º–Ω—ã—Ö –ø–æ–ª–æ—Å  –∞–∫—É—Å—Ç–∏—á–µ—Å–∫
                                                  –æ–π —Ä–µ—à–µ—Ç–∫–∏ $n$&$\...

You may provide a definition with
\DeclareUnicodeCharacter 


! Package inputenc Error: Unicode character –æ (U+043E)
(inputenc)                not set up for use with LaTeX.

See the inputenc package documentation for explanation.
Type  H <return>  for immediate help.
 ...                                              
                                                  
l.3 ...–º–Ω—ã—Ö –ø–æ–ª–æ—Å  –∞–∫—É—Å—Ç–∏—á–µ—Å–∫–æ
                                                  –π —Ä–µ—à–µ—Ç–∫–∏ $n$&$\La...

You may provide a definition with
\DeclareUnicodeCharacter 


! Package inputenc Error: Unicode character –π (U+0439)
(inputenc)                not set up for use with LaTeX.

See the inputenc package documentation for explanation.
Type  H <return>  for immediate help.
 ...                                              
                                                  
l.3 ...–Ω—ã—Ö –ø–æ–ª–æ—Å  –∞–∫—É—Å—Ç–∏—á–µ—Å–∫–æ–π
                                                   —Ä–µ—à–µ—Ç–∫–∏ $n$&$\Lamb...

You may provide a definition with
\DeclareUnicodeCharacter 


! Package inputenc Error: Unicode character —Ä (U+0440)
(inputenc)                not set up for use with LaTeX.

See the inputenc package documentation for explanation.
Type  H <return>  for immediate help.
 ...                                              
                                                  
l.3 ...ã—Ö –ø–æ–ª–æ—Å  –∞–∫—É—Å—Ç–∏—á–µ—Å–∫–æ–π —Ä
                                                  –µ—à–µ—Ç–∫–∏ $n$&$\Lambda$...

You may provide a definition with
\DeclareUnicodeCharacter 


! Package inputenc Error: Unicode character –µ (U+0435)
(inputenc)                not set up for use with LaTeX.

See the inputenc package documentation for explanation.
Type  H <return>  for immediate help.
 ...                                              
                                                  
l.3 ...Ö –ø–æ–ª–æ—Å  –∞–∫—É—Å—Ç–∏—á–µ—Å–∫–æ–π —Ä–µ
                                                  —à–µ—Ç–∫–∏ $n$&$\Lambda$, ...

You may provide a definition with
\DeclareUnicodeCharacter 


! Package inputenc Error: Unicode character —à (U+0448)
(inputenc)                not set up for use with LaTeX.

See the inputenc package documentation for explanation.
Type  H <return>  for immediate help.
 ...                                              
                                                  
l.3 ...–ø–æ–ª–æ—Å  –∞–∫—É—Å—Ç–∏—á–µ—Å–∫–æ–π —Ä–µ—à
                                                  –µ—Ç–∫–∏ $n$&$\Lambda$, –º...

You may provide a definition with
\DeclareUnicodeCharacter 


! Package inputenc Error: Unicode character –µ (U+0435)
(inputenc)                not set up for use with LaTeX.

See the inputenc package documentation for explanation.
Type  H <return>  for immediate help.
 ...                                              
                                                  
l.3 ...–æ–ª–æ—Å  –∞–∫—É—Å—Ç–∏—á–µ—Å–∫–æ–π —Ä–µ—à–µ
                                                  —Ç–∫–∏ $n$&$\Lambda$, –º–º...

You may provide a definition with
\DeclareUnicodeCharacter 


! Package inputenc Error: Unicode character —Ç (U+0442)
(inputenc)                not set up for use with LaTeX.

See the inputenc package documentation for explanation.
Type  H <return>  for immediate help.
 ...                                              
                                                  
l.3 ...–ª–æ—Å  –∞–∫—É—Å—Ç–∏—á–µ—Å–∫–æ–π —Ä–µ—à–µ—Ç
                                                  –∫–∏ $n$&$\Lambda$, –º–º&$...

You may provide a definition with
\DeclareUnicodeCharacter 


! Package inputenc Error: Unicode character –∫ (U+043A)
(inputenc)                not set up for use with LaTeX.

See the inputenc package documentation for explanation.
Type  H <return>  for immediate help.
 ...                                              
                                                  
l.3 ...–æ—Å  –∞–∫—É—Å—Ç–∏—á–µ—Å–∫–æ–π —Ä–µ—à–µ—Ç–∫
                                                  –∏ $n$&$\Lambda$, –º–º&$v$...

You may provide a definition with
\DeclareUnicodeCharacter 


! Package inputenc Error: Unicode character –∏ (U+0438)
(inputenc)                not set up for use with LaTeX.

See the inputenc package documentation for explanation.
Type  H <return>  for immediate help.
 ...                                              
                                                  
l.3 ...—Å  –∞–∫—É—Å—Ç–∏—á–µ—Å–∫–æ–π —Ä–µ—à–µ—Ç–∫–∏
                                                   $n$&$\Lambda$, –º–º&$v$, ...

You may provide a definition with
\DeclareUnicodeCharacter 

Missing character: There is no , in font nullfont!

! Package inputenc Error: Unicode character –º (U+043C)
(inputenc)                not set up for use with LaTeX.

See the inputenc package documentation for explanation.
Type  H <return>  for immediate help.
 ...                                              
                                                  
l.3 ...–µ—Å–∫–æ–π —Ä–µ—à–µ—Ç–∫–∏ $n$&$\Lambda$, –º
                                                  –º&$v$, $10$ –º/—Å&$\Delta...

You may provide a definition with
\DeclareUnicodeCharacter 


! Package inputenc Error: Unicode character –º (U+043C)
(inputenc)                not set up for use with LaTeX.

See the inputenc package documentation for explanation.
Type  H <return>  for immediate help.
 ...                                              
                                                  
l.3 ...—Å–∫–æ–π —Ä–µ—à–µ—Ç–∫–∏ $n$&$\Lambda$, –º–º
                                                  &$v$, $10$ –º/—Å&$\Delta v...

You may provide a definition with
\DeclareUnicodeCharacter 

Missing character: There is no , in font nullfont!

! Package inputenc Error: Unicode character –º (U+043C)
(inputenc)                not set up for use with LaTeX.

See the inputenc package documentation for explanation.
Type  H <return>  for immediate help.
 ...                                              
                                                  
l.3 ...—à–µ—Ç–∫–∏ $n$&$\Lambda$, –º–º&$v$, $10$ –º
                                                  /—Å&$\Delta v$, $10$ –º/—Å
You may provide a definition with
\DeclareUnicodeCharacter 

Missing character: There is no / in font nullfont!

! Package inputenc Error: Unicode character —Å (U+0441)
(inputenc)                not set up for use with LaTeX.

See the inputenc package documentation for explanation.
Type  H <return>  for immediate help.
 ...                                              
                                                  
l.3 ...µ—Ç–∫–∏ $n$&$\Lambda$, –º–º&$v$, $10$ –º/—Å
                                                  &$\Delta v$, $10$ –º/—Å
You may provide a definition with
\DeclareUnicodeCharacter 

Missing character: There is no , in font nullfont!

! Package inputenc Error: Unicode character –º (U+043C)
(inputenc)                not set up for use with LaTeX.

See the inputenc package documentation for explanation.
Type  H <return>  for immediate help.
 ...                                              
                                                  
l.3 ...$, –º–º&$v$, $10$ –º/—Å&$\Delta v$, $10$ –º
                                                  /—Å
You may provide a definition with
\DeclareUnicodeCharacter 

Missing character: There is no / in font nullfont!

! Package inputenc Error: Unicode character —Å (U+0441)
(inputenc)                not set up for use with LaTeX.

See the inputenc package documentation for explanation.
Type  H <return>  for immediate help.
 ...                                              
                                                  
l.3 ...–º–º&$v$, $10$ –º/—Å&$\Delta v$, $10$ –º/—Å
                                                  
You may provide a definition with
\DeclareUnicodeCharacter 

! Misplaced \noalign.
\hline ->\noalign 
                  {\ifnum 0=`}\fi \hrule \@height \arrayrulewidth \futurelet...
l.4 \hline
          
I expect to see \noalign only after the \cr of
an alignment. Proceed, and I'll ignore this case.

! You can't use `\hrule' here except with leaders.
\hline ->\noalign {\ifnum 0=`}\fi \hrule 
                                         \@height \arrayrulewidth \futurelet...
l.4 \hline
          
To put a horizontal rule in an hbox or an alignment,
you should use \leaders or \hrulefill (see The TeXbook).

Missing character: There is no h in font nullfont!
Missing character: There is no e in font nullfont!
Missing character: There is no i in font nullfont!
Missing character: There is no g in font nullfont!
Missing character: There is no h in font nullfont!
Missing character: There is no t in font nullfont!
! Missing number, treated as zero.
<to be read again> 
                   \futurelet 
l.4 \hline
          
A number should have been here; I inserted `0'.
(If you can't figure out why I needed to see a number,
look up `weird error' in the index to The TeXbook.)

! Illegal unit of measure (pt inserted).
<to be read again> 
                   \futurelet 
l.4 \hline
          
Dimensions can be in units of em, ex, in, pt, pc,
cm, mm, dd, cc, nd, nc, bp, or sp; but yours is a new one!
I'll assume that you meant to say pt, for printer's points.
To recover gracefully from this error, it's best to
delete the erroneous units; e.g., type `2' to delete
two letters. (See Chapter 27 of The TeXbook.)

Missing character: There is no 1 in font nullfont!
Missing character: There is no , in font nullfont!
Missing character: There is no 2 in font nullfont!
Missing character: There is no 2 in font nullfont!
Missing character: There is no 0 in font nullfont!
Missing character: There is no 1 in font nullfont!
Missing character: There is no 5 in font nullfont!
Missing character: There is no 0 in font nullfont!
Missing character: There is no 1 in font nullfont!
Missing character: There is no 5 in font nullfont!
Missing character: There is no 1 in font nullfont!
Missing character: There is no , in font nullfont!
Missing character: There is no 2 in font nullfont!
Missing character: There is no 9 in font nullfont!
Missing character: There is no 1 in font nullfont!
Missing character: There is no 5 in font nullfont!
Missing character: There is no 7 in font nullfont!
! Extra alignment tab has been changed to \cr.
<recently read> \endtemplate 
                             
l.5 1,220&150&15&1,29&157&
                          7\\
You have given more \span or & marks than there were
in the preamble to the \halign or \valign now in progress.
So I'll assume that you meant to type \cr instead.

Missing character: There is no 7 in font nullfont!
Missing character: There is no 1 in font nullfont!
Missing character: There is no , in font nullfont!
Missing character: There is no 2 in font nullfont!
Missing character: There is no 5 in font nullfont!
Missing character: There is no 9 in font nullfont!
Missing character: There is no 1 in font nullfont!
Missing character: There is no 5 in font nullfont!
Missing character: There is no 0 in font nullfont!
Missing character: There is no 1 in font nullfont!
Missing character: There is no 6 in font nullfont!
Missing character: There is no 1 in font nullfont!
Missing character: There is no , in font nullfont!
Missing character: There is no 2 in font nullfont!
Missing character: There is no 0 in font nullfont!
Missing character: There is no 1 in font nullfont!
Missing character: There is no 5 in font nullfont!
Missing character: There is no 1 in font nullfont!
Missing character: There is no 8 in font nullfont!
Missing character: There is no 1 in font nullfont!
Missing character: There is no , in font nullfont!
Missing character: There is no 2 in font nullfont!
Missing character: There is no 7 in font nullfont!
Missing character: There is no 1 in font nullfont!
Missing character: There is no 1 in font nullfont!
Missing character: There is no 7 in font nullfont!
Missing character: There is no 5 in font nullfont!
Missing character: There is no 1 in font nullfont!
Missing character: There is no 8 in font nullfont!
Missing character: There is no 1 in font nullfont!
Missing character: There is no , in font nullfont!
Missing character: There is no 2 in font nullfont!
Missing character: There is no 4 in font nullfont!
Missing character: There is no 1 in font nullfont!
Missing character: There is no 5 in font nullfont!
Missing character: There is no 7 in font nullfont!
Missing character: There is no 8 in font nullfont!
)
! Emergency stop.
<*> ./dark.tex
              
*** (job aborted, no legal \end found)

 
Here is how much of TeX's memory you used:
 34 strings out of 492946
 337 string characters out of 3127154
 57739 words of memory out of 3000000
 4031 multiletter control sequences out of 15000+200000
 3640 words of font info for 14 fonts, out of 3000000 for 9000
 1141 hyphenation exceptions out of 8191
 19i,7n,12p,244b,108s stack positions out of 5000i,500n,10000p,200000b,50000s
!  ==> Fatal error occurred, no output PDF file produced!
